<?xml version="1.0" encoding="UTF-8"?>
<!-- Generated by org.testng.reporters.JUnitXMLReporter -->
<testsuite hostname="FA038185" name="Test" tests="167" failures="0" timestamp="21 May 2018 06:14:50 GMT" time="33.398" errors="0">
  <testcase name="verifyGetMultipleStatesNameApi" time="3.261" classname="location.info.GetMultipleStatesName"/>
  <testcase name="verifyGetMultipleStatesNameApi" time="0.18" classname="location.info.GetMultipleStatesName"/>
  <testcase name="verifyGetMultipleStatesNameApi" time="0.176" classname="location.info.GetMultipleStatesName"/>
  <testcase name="verifyGetMultipleStatesNameApi" time="1.101" classname="location.info.GetMultipleStatesName"/>
  <testcase name="verifyGetMultipleStatesNameApi" time="0.265" classname="location.info.GetMultipleStatesName"/>
  <testcase name="verifyGetMultipleStatesNameApi" time="0.42" classname="location.info.GetMultipleStatesName"/>
  <testcase name="verifyGetMultipleStatesNameApi" time="0.194" classname="location.info.GetMultipleStatesName"/>
  <testcase name="verifyGetMultipleStatesNameApi" time="0.186" classname="location.info.GetMultipleStatesName"/>
  <testcase name="verifyGetMultipleStatesNameApi" time="0.003" classname="location.info.GetMultipleStatesName"/>
  <testcase name="verifyGetMultipleStatesNameApi" time="0.177" classname="location.info.GetMultipleStatesName"/>
  <testcase name="verifyGetMultipleStatesNameApi" time="0.237" classname="location.info.GetMultipleStatesName"/>
  <testcase name="verifyGetMultipleStatesNameApi" time="0.125" classname="location.info.GetMultipleStatesName"/>
  <testcase name="verifyGetMultipleStatesNameApi" time="0.159" classname="location.info.GetMultipleStatesName"/>
  <testcase name="verifyGetMultipleStatesNameApi" time="0.104" classname="location.info.GetMultipleStatesName"/>
  <testcase name="verifyGetMultipleStatesNameApi" time="0.198" classname="location.info.GetMultipleStatesName"/>
  <testcase name="verifyGetMultipleStatesNameApi" time="0.371" classname="location.info.GetMultipleStatesName"/>
  <testcase name="verifyGetMultipleStatesNameApi" time="0.209" classname="location.info.GetMultipleStatesName"/>
  <testcase name="verifyGetMultipleStatesNameApi" time="0.213" classname="location.info.GetMultipleStatesName"/>
  <testcase name="verifyGetMultipleStatesNameApi" time="0.214" classname="location.info.GetMultipleStatesName"/>
  <testcase name="verifyGetMultipleStatesNameApi" time="1.187" classname="location.info.GetMultipleStatesName"/>
  <testcase name="verifyGetMultipleStatesNameApi" time="0.206" classname="location.info.GetMultipleStatesName"/>
  <testcase name="verifyGetMultipleStatesNameApi" time="0.149" classname="location.info.GetMultipleStatesName"/>
  <testcase name="verifyGetMultipleStatesNameApi" time="0.127" classname="location.info.GetMultipleStatesName"/>
  <testcase name="verifyGetMultipleStatesNameApi" time="0.127" classname="location.info.GetMultipleStatesName"/>
  <testcase name="verifyGetMultipleStatesNameApi" time="0.274" classname="location.info.GetMultipleStatesName"/>
  <testcase name="verifyGetMultipleStatesNameApi" time="0.107" classname="location.info.GetMultipleStatesName"/>
  <testcase name="verifyGetMultipleStatesNameApi" time="0.108" classname="location.info.GetMultipleStatesName"/>
  <testcase name="respnseTimeStats_GetMultipleStatesName" time="0.002" classname="location.info.GetMultipleStatesName"/>
  <testcase name="verifyGetMultipleCitiesNameApi" time="0.083" classname="location.info.GetMultipleCitiesName"/>
  <testcase name="verifyGetMultipleCitiesNameApi" time="0.091" classname="location.info.GetMultipleCitiesName"/>
  <testcase name="verifyGetMultipleCitiesNameApi" time="0.093" classname="location.info.GetMultipleCitiesName"/>
  <testcase name="verifyGetMultipleCitiesNameApi" time="0.286" classname="location.info.GetMultipleCitiesName"/>
  <testcase name="verifyGetMultipleCitiesNameApi" time="0.185" classname="location.info.GetMultipleCitiesName"/>
  <testcase name="verifyGetMultipleCitiesNameApi" time="0.194" classname="location.info.GetMultipleCitiesName"/>
  <testcase name="verifyGetMultipleCitiesNameApi" time="0.104" classname="location.info.GetMultipleCitiesName"/>
  <testcase name="verifyGetMultipleCitiesNameApi" time="0.103" classname="location.info.GetMultipleCitiesName"/>
  <testcase name="verifyGetMultipleCitiesNameApi" time="0.002" classname="location.info.GetMultipleCitiesName"/>
  <testcase name="verifyGetMultipleCitiesNameApi" time="0.091" classname="location.info.GetMultipleCitiesName"/>
  <testcase name="verifyGetMultipleCitiesNameApi" time="0.088" classname="location.info.GetMultipleCitiesName"/>
  <testcase name="verifyGetMultipleCitiesNameApi" time="0.071" classname="location.info.GetMultipleCitiesName"/>
  <testcase name="verifyGetMultipleCitiesNameApi" time="0.072" classname="location.info.GetMultipleCitiesName"/>
  <testcase name="verifyGetMultipleCitiesNameApi" time="0.076" classname="location.info.GetMultipleCitiesName"/>
  <testcase name="verifyGetMultipleCitiesNameApi" time="0.074" classname="location.info.GetMultipleCitiesName"/>
  <testcase name="verifyGetMultipleCitiesNameApi" time="0.12" classname="location.info.GetMultipleCitiesName"/>
  <testcase name="verifyGetMultipleCitiesNameApi" time="0.13" classname="location.info.GetMultipleCitiesName"/>
  <testcase name="verifyGetMultipleCitiesNameApi" time="0.174" classname="location.info.GetMultipleCitiesName"/>
  <testcase name="verifyGetMultipleCitiesNameApi" time="0.16" classname="location.info.GetMultipleCitiesName"/>
  <testcase name="verifyGetMultipleCitiesNameApi" time="0.105" classname="location.info.GetMultipleCitiesName"/>
  <testcase name="verifyGetMultipleCitiesNameApi" time="0.165" classname="location.info.GetMultipleCitiesName"/>
  <testcase name="verifyGetMultipleCitiesNameApi" time="0.219" classname="location.info.GetMultipleCitiesName"/>
  <testcase name="verifyGetMultipleCitiesNameApi" time="0.211" classname="location.info.GetMultipleCitiesName"/>
  <testcase name="verifyGetMultipleCitiesNameApi" time="0.264" classname="location.info.GetMultipleCitiesName"/>
  <testcase name="verifyGetMultipleCitiesNameApi" time="0.211" classname="location.info.GetMultipleCitiesName"/>
  <testcase name="verifyGetMultipleCitiesNameApi" time="0.06" classname="location.info.GetMultipleCitiesName"/>
  <testcase name="verifyGetMultipleCitiesNameApi" time="0.079" classname="location.info.GetMultipleCitiesName"/>
  <testcase name="respnseTimeStats_GetMultipleCitiesName" time="0.002" classname="location.info.GetMultipleCitiesName"/>
  <testcase name="verifyGetMultipleLocalitiesNameApi" time="0.251" classname="location.info.GetMultipleLocalitiesName"/>
  <testcase name="verifyGetMultipleLocalitiesNameApi" time="0.125" classname="location.info.GetMultipleLocalitiesName"/>
  <testcase name="verifyGetMultipleLocalitiesNameApi" time="0.288" classname="location.info.GetMultipleLocalitiesName"/>
  <testcase name="verifyGetMultipleLocalitiesNameApi" time="0.094" classname="location.info.GetMultipleLocalitiesName"/>
  <testcase name="verifyGetMultipleLocalitiesNameApi" time="0.056" classname="location.info.GetMultipleLocalitiesName"/>
  <testcase name="verifyGetMultipleLocalitiesNameApi" time="0.061" classname="location.info.GetMultipleLocalitiesName"/>
  <testcase name="verifyGetMultipleLocalitiesNameApi" time="0.074" classname="location.info.GetMultipleLocalitiesName"/>
  <testcase name="verifyGetMultipleLocalitiesNameApi" time="0.074" classname="location.info.GetMultipleLocalitiesName"/>
  <testcase name="verifyGetMultipleLocalitiesNameApi" time="0.062" classname="location.info.GetMultipleLocalitiesName"/>
  <testcase name="verifyGetMultipleLocalitiesNameApi" time="0.055" classname="location.info.GetMultipleLocalitiesName"/>
  <testcase name="verifyGetMultipleLocalitiesNameApi" time="0.078" classname="location.info.GetMultipleLocalitiesName"/>
  <testcase name="verifyGetMultipleLocalitiesNameApi" time="0.073" classname="location.info.GetMultipleLocalitiesName"/>
  <testcase name="verifyGetMultipleLocalitiesNameApi" time="0.069" classname="location.info.GetMultipleLocalitiesName"/>
  <testcase name="verifyGetMultipleLocalitiesNameApi" time="0.077" classname="location.info.GetMultipleLocalitiesName"/>
  <testcase name="verifyGetMultipleLocalitiesNameApi" time="0.149" classname="location.info.GetMultipleLocalitiesName"/>
  <testcase name="verifyGetMultipleLocalitiesNameApi" time="0.136" classname="location.info.GetMultipleLocalitiesName"/>
  <testcase name="verifyGetMultipleLocalitiesNameApi" time="0.119" classname="location.info.GetMultipleLocalitiesName"/>
  <testcase name="verifyGetMultipleLocalitiesNameApi" time="0.154" classname="location.info.GetMultipleLocalitiesName"/>
  <testcase name="verifyGetMultipleLocalitiesNameApi" time="0.26" classname="location.info.GetMultipleLocalitiesName"/>
  <testcase name="verifyGetMultipleLocalitiesNameApi" time="0.147" classname="location.info.GetMultipleLocalitiesName"/>
  <testcase name="verifyGetMultipleLocalitiesNameApi" time="0.1" classname="location.info.GetMultipleLocalitiesName"/>
  <testcase name="verifyGetMultipleLocalitiesNameApi" time="0.083" classname="location.info.GetMultipleLocalitiesName"/>
  <testcase name="verifyGetMultipleLocalitiesNameApi" time="0.001" classname="location.info.GetMultipleLocalitiesName"/>
  <testcase name="verifyGetMultipleLocalitiesNameApi" time="0.064" classname="location.info.GetMultipleLocalitiesName"/>
  <testcase name="verifyGetMultipleLocalitiesNameApi" time="0.076" classname="location.info.GetMultipleLocalitiesName"/>
  <testcase name="respnseTimeStats_GetMultipleLocalitiesName" time="0.002" classname="location.info.GetMultipleLocalitiesName"/>
  <testcase name="verifyGetMultipleStatesApi" time="0.062" classname="location.info.GetMultipleStates"/>
  <testcase name="verifyGetMultipleStatesApi" time="0.079" classname="location.info.GetMultipleStates"/>
  <testcase name="verifyGetMultipleStatesApi" time="0.068" classname="location.info.GetMultipleStates"/>
  <testcase name="verifyGetMultipleStatesApi" time="0.141" classname="location.info.GetMultipleStates"/>
  <testcase name="verifyGetMultipleStatesApi" time="0.116" classname="location.info.GetMultipleStates"/>
  <testcase name="verifyGetMultipleStatesApi" time="0.236" classname="location.info.GetMultipleStates"/>
  <testcase name="verifyGetMultipleStatesApi" time="0.182" classname="location.info.GetMultipleStates"/>
  <testcase name="verifyGetMultipleStatesApi" time="0.156" classname="location.info.GetMultipleStates"/>
  <testcase name="verifyGetMultipleStatesApi" time="0.132" classname="location.info.GetMultipleStates"/>
  <testcase name="verifyGetMultipleStatesApi" time="0.003" classname="location.info.GetMultipleStates"/>
  <testcase name="verifyGetMultipleStatesApi" time="0.057" classname="location.info.GetMultipleStates"/>
  <testcase name="verifyGetMultipleStatesApi" time="0.052" classname="location.info.GetMultipleStates"/>
  <testcase name="verifyGetMultipleStatesApi" time="0.045" classname="location.info.GetMultipleStates"/>
  <testcase name="verifyGetMultipleStatesApi" time="0.058" classname="location.info.GetMultipleStates"/>
  <testcase name="verifyGetMultipleStatesApi" time="0.064" classname="location.info.GetMultipleStates"/>
  <testcase name="verifyGetMultipleStatesApi" time="3.048" classname="location.info.GetMultipleStates"/>
  <testcase name="verifyGetMultipleStatesApi" time="0.056" classname="location.info.GetMultipleStates"/>
  <testcase name="verifyGetMultipleStatesApi" time="0.12" classname="location.info.GetMultipleStates"/>
  <testcase name="verifyGetMultipleStatesApi" time="0.428" classname="location.info.GetMultipleStates"/>
  <testcase name="verifyGetMultipleStatesApi" time="0.214" classname="location.info.GetMultipleStates"/>
  <testcase name="verifyGetMultipleStatesApi" time="0.155" classname="location.info.GetMultipleStates"/>
  <testcase name="verifyGetMultipleStatesApi" time="0.249" classname="location.info.GetMultipleStates"/>
  <testcase name="verifyGetMultipleStatesApi" time="0.318" classname="location.info.GetMultipleStates"/>
  <testcase name="verifyGetMultipleStatesApi" time="0.245" classname="location.info.GetMultipleStates"/>
  <testcase name="verifyGetMultipleStatesApi" time="0.185" classname="location.info.GetMultipleStates"/>
  <testcase name="verifyGetMultipleStatesApi" time="0.325" classname="location.info.GetMultipleStates"/>
  <testcase name="verifyGetMultipleStatesApi" time="0.05" classname="location.info.GetMultipleStates"/>
  <testcase name="verifyGetMultipleStatesApi" time="0.054" classname="location.info.GetMultipleStates"/>
  <testcase name="respnseTimeStats_GetMultipleStates" time="0.002" classname="location.info.GetMultipleStates"/>
  <testcase name="verifyGetMultipleCitiesApi" time="0.061" classname="location.info.GetMultipleCities"/>
  <testcase name="verifyGetMultipleCitiesApi" time="0.051" classname="location.info.GetMultipleCities"/>
  <testcase name="verifyGetMultipleCitiesApi" time="0.086" classname="location.info.GetMultipleCities"/>
  <testcase name="verifyGetMultipleCitiesApi" time="0.297" classname="location.info.GetMultipleCities"/>
  <testcase name="verifyGetMultipleCitiesApi" time="0.108" classname="location.info.GetMultipleCities"/>
  <testcase name="verifyGetMultipleCitiesApi" time="0.259" classname="location.info.GetMultipleCities"/>
  <testcase name="verifyGetMultipleCitiesApi" time="0.19" classname="location.info.GetMultipleCities"/>
  <testcase name="verifyGetMultipleCitiesApi" time="0.316" classname="location.info.GetMultipleCities"/>
  <testcase name="verifyGetMultipleCitiesApi" time="0.155" classname="location.info.GetMultipleCities"/>
  <testcase name="verifyGetMultipleCitiesApi" time="0.168" classname="location.info.GetMultipleCities"/>
  <testcase name="verifyGetMultipleCitiesApi" time="0.001" classname="location.info.GetMultipleCities"/>
  <testcase name="verifyGetMultipleCitiesApi" time="0.069" classname="location.info.GetMultipleCities"/>
  <testcase name="verifyGetMultipleCitiesApi" time="0.075" classname="location.info.GetMultipleCities"/>
  <testcase name="verifyGetMultipleCitiesApi" time="0.081" classname="location.info.GetMultipleCities"/>
  <testcase name="verifyGetMultipleCitiesApi" time="0.072" classname="location.info.GetMultipleCities"/>
  <testcase name="verifyGetMultipleCitiesApi" time="0.086" classname="location.info.GetMultipleCities"/>
  <testcase name="verifyGetMultipleCitiesApi" time="0.079" classname="location.info.GetMultipleCities"/>
  <testcase name="verifyGetMultipleCitiesApi" time="0.077" classname="location.info.GetMultipleCities"/>
  <testcase name="verifyGetMultipleCitiesApi" time="0.159" classname="location.info.GetMultipleCities"/>
  <testcase name="verifyGetMultipleCitiesApi" time="0.329" classname="location.info.GetMultipleCities"/>
  <testcase name="verifyGetMultipleCitiesApi" time="0.239" classname="location.info.GetMultipleCities"/>
  <testcase name="verifyGetMultipleCitiesApi" time="0.188" classname="location.info.GetMultipleCities"/>
  <testcase name="verifyGetMultipleCitiesApi" time="0.276" classname="location.info.GetMultipleCities"/>
  <testcase name="verifyGetMultipleCitiesApi" time="0.488" classname="location.info.GetMultipleCities"/>
  <testcase name="verifyGetMultipleCitiesApi" time="0.331" classname="location.info.GetMultipleCities"/>
  <testcase name="verifyGetMultipleCitiesApi" time="0.414" classname="location.info.GetMultipleCities"/>
  <testcase name="verifyGetMultipleCitiesApi" time="0.521" classname="location.info.GetMultipleCities"/>
  <testcase name="verifyGetMultipleCitiesApi" time="0.063" classname="location.info.GetMultipleCities"/>
  <testcase name="verifyGetMultipleCitiesApi" time="0.055" classname="location.info.GetMultipleCities"/>
  <testcase name="respnseTimeStats_GetMultipleCities" time="0.001" classname="location.info.GetMultipleCities"/>
  <testcase name="verifyGetMultipleLocalitiesApi" time="0.263" classname="location.info.GetMultipleLocalities"/>
  <testcase name="verifyGetMultipleLocalitiesApi" time="0.111" classname="location.info.GetMultipleLocalities"/>
  <testcase name="verifyGetMultipleLocalitiesApi" time="0.206" classname="location.info.GetMultipleLocalities"/>
  <testcase name="verifyGetMultipleLocalitiesApi" time="0.097" classname="location.info.GetMultipleLocalities"/>
  <testcase name="verifyGetMultipleLocalitiesApi" time="0.056" classname="location.info.GetMultipleLocalities"/>
  <testcase name="verifyGetMultipleLocalitiesApi" time="0.059" classname="location.info.GetMultipleLocalities"/>
  <testcase name="verifyGetMultipleLocalitiesApi" time="0.044" classname="location.info.GetMultipleLocalities"/>
  <testcase name="verifyGetMultipleLocalitiesApi" time="0.043" classname="location.info.GetMultipleLocalities"/>
  <testcase name="verifyGetMultipleLocalitiesApi" time="0.049" classname="location.info.GetMultipleLocalities"/>
  <testcase name="verifyGetMultipleLocalitiesApi" time="0.051" classname="location.info.GetMultipleLocalities"/>
  <testcase name="verifyGetMultipleLocalitiesApi" time="0.045" classname="location.info.GetMultipleLocalities"/>
  <testcase name="verifyGetMultipleLocalitiesApi" time="0.044" classname="location.info.GetMultipleLocalities"/>
  <testcase name="verifyGetMultipleLocalitiesApi" time="0.056" classname="location.info.GetMultipleLocalities"/>
  <testcase name="verifyGetMultipleLocalitiesApi" time="0.05" classname="location.info.GetMultipleLocalities"/>
  <testcase name="verifyGetMultipleLocalitiesApi" time="0.193" classname="location.info.GetMultipleLocalities"/>
  <testcase name="verifyGetMultipleLocalitiesApi" time="0.272" classname="location.info.GetMultipleLocalities"/>
  <testcase name="verifyGetMultipleLocalitiesApi" time="0.29" classname="location.info.GetMultipleLocalities"/>
  <testcase name="verifyGetMultipleLocalitiesApi" time="0.278" classname="location.info.GetMultipleLocalities"/>
  <testcase name="verifyGetMultipleLocalitiesApi" time="0.439" classname="location.info.GetMultipleLocalities"/>
  <testcase name="verifyGetMultipleLocalitiesApi" time="0.268" classname="location.info.GetMultipleLocalities"/>
  <testcase name="verifyGetMultipleLocalitiesApi" time="0.15" classname="location.info.GetMultipleLocalities"/>
  <testcase name="verifyGetMultipleLocalitiesApi" time="0.173" classname="location.info.GetMultipleLocalities"/>
  <testcase name="verifyGetMultipleLocalitiesApi" time="0.001" classname="location.info.GetMultipleLocalities"/>
  <testcase name="verifyGetMultipleLocalitiesApi" time="0.062" classname="location.info.GetMultipleLocalities"/>
  <testcase name="verifyGetMultipleLocalitiesApi" time="0.069" classname="location.info.GetMultipleLocalities"/>
  <testcase name="respnseTimeStats_GetMultipleLocalities" time="0.001" classname="location.info.GetMultipleLocalities"/>
</testsuite> <!-- Test -->
