<?xml version="1.0" encoding="UTF-8"?>
<!-- Generated by org.testng.reporters.JUnitXMLReporter -->
<testsuite hostname="FA038185" name="Default test" tests="25" failures="0" timestamp="22 May 2018 06:40:46 GMT" time="10.777" errors="0">
  <testcase name="verifyGetMultipleStreamsApi" time="3.564" classname="baseentities.info.GetMultipleStreams"/>
  <testcase name="verifyGetMultipleStreamsApi" time="1.011" classname="baseentities.info.GetMultipleStreams"/>
  <testcase name="verifyGetMultipleStreamsApi" time="0.134" classname="baseentities.info.GetMultipleStreams"/>
  <testcase name="verifyGetMultipleStreamsApi" time="0.194" classname="baseentities.info.GetMultipleStreams"/>
  <testcase name="verifyGetMultipleStreamsApi" time="0.094" classname="baseentities.info.GetMultipleStreams"/>
  <testcase name="verifyGetMultipleStreamsApi" time="0.639" classname="baseentities.info.GetMultipleStreams"/>
  <testcase name="verifyGetMultipleStreamsApi" time="0.084" classname="baseentities.info.GetMultipleStreams"/>
  <testcase name="verifyGetMultipleStreamsApi" time="0.273" classname="baseentities.info.GetMultipleStreams"/>
  <testcase name="verifyGetMultipleStreamsApi" time="0.08" classname="baseentities.info.GetMultipleStreams"/>
  <testcase name="verifyGetMultipleStreamsApi" time="0.072" classname="baseentities.info.GetMultipleStreams"/>
  <testcase name="verifyGetMultipleStreamsApi" time="0.077" classname="baseentities.info.GetMultipleStreams"/>
  <testcase name="verifyGetMultipleStreamsApi" time="0.079" classname="baseentities.info.GetMultipleStreams"/>
  <testcase name="verifyGetMultipleStreamsApi" time="0.084" classname="baseentities.info.GetMultipleStreams"/>
  <testcase name="verifyGetMultipleStreamsApi" time="0.203" classname="baseentities.info.GetMultipleStreams"/>
  <testcase name="verifyGetMultipleStreamsApi" time="0.484" classname="baseentities.info.GetMultipleStreams"/>
  <testcase name="verifyGetMultipleStreamsApi" time="0.339" classname="baseentities.info.GetMultipleStreams"/>
  <testcase name="verifyGetMultipleStreamsApi" time="0.537" classname="baseentities.info.GetMultipleStreams"/>
  <testcase name="verifyGetMultipleStreamsApi" time="0.893" classname="baseentities.info.GetMultipleStreams"/>
  <testcase name="verifyGetMultipleStreamsApi" time="0.192" classname="baseentities.info.GetMultipleStreams"/>
  <testcase name="verifyGetMultipleStreamsApi" time="0.188" classname="baseentities.info.GetMultipleStreams"/>
  <testcase name="verifyGetMultipleStreamsApi" time="0.072" classname="baseentities.info.GetMultipleStreams"/>
  <testcase name="verifyGetMultipleStreamsApi" time="0.092" classname="baseentities.info.GetMultipleStreams"/>
  <testcase name="verifyGetMultipleStreamsApi" time="0.084" classname="baseentities.info.GetMultipleStreams"/>
  <testcase name="verifyGetMultipleStreamsApi" time="0.108" classname="baseentities.info.GetMultipleStreams"/>
  <testcase name="respnseTimeStats_GetMultipleStreams" time="0.0" classname="baseentities.info.GetMultipleStreams"/>
</testsuite> <!-- Default test -->
